<?xml version="1.0" encoding="UTF-8"?>
<testng-results ignored="0" total="1" passed="1" failed="0" skipped="0">
  <reporter-output>
  </reporter-output>
  <suite started-at="2022-04-13T15:06:46 IST" name="Default suite" finished-at="2022-04-13T15:06:56 IST" duration-ms="9821">
    <groups>
    </groups>
    <test started-at="2022-04-13T15:06:46 IST" name="Default test" finished-at="2022-04-13T15:06:56 IST" duration-ms="9821">
      <class name="demo.LoginApp">
        <test-method is-config="true" signature="beforeClass()[pri:0, instance:demo.LoginApp@4d465b11]" started-at="2022-04-13T15:06:46 IST" name="beforeClass" finished-at="2022-04-13T15:06:53 IST" duration-ms="6385" status="PASS">
          <reporter-output>
          </reporter-output>
        </test-method> <!-- beforeClass -->
        <test-method signature="testLogin()[pri:0, instance:demo.LoginApp@4d465b11]" started-at="2022-04-13T15:06:53 IST" name="testLogin" finished-at="2022-04-13T15:06:56 IST" duration-ms="3313" status="PASS">
          <reporter-output>
          </reporter-output>
        </test-method> <!-- testLogin -->
        <test-method is-config="true" signature="afterClass()[pri:0, instance:demo.LoginApp@4d465b11]" started-at="2022-04-13T15:06:56 IST" name="afterClass" finished-at="2022-04-13T15:06:56 IST" duration-ms="70" status="PASS">
          <reporter-output>
          </reporter-output>
        </test-method> <!-- afterClass -->
      </class> <!-- demo.LoginApp -->
    </test> <!-- Default test -->
  </suite> <!-- Default suite -->
</testng-results>
